<?xml version="1.0" encoding="UTF-8"?>
<coverage generated="1740917560098" clover="3.2.0">
  <project timestamp="1740917560098" name="All files">
    <metrics statements="24" coveredstatements="24" conditionals="9" coveredconditionals="8" methods="5" coveredmethods="5" elements="38" coveredelements="37" complexity="0" loc="24" ncloc="24" packages="1" files="2" classes="2"/>
    <file name="generateDiff.js" path="F:\playground\backend-project-lvl2\src\generateDiff.js">
      <metrics statements="14" coveredstatements="14" conditionals="6" coveredconditionals="6" methods="2" coveredmethods="2"/>
      <line num="4" count="1" type="stmt"/>
      <line num="5" count="1" type="stmt"/>
      <line num="6" count="5" type="cond" truecount="2" falsecount="0"/>
      <line num="7" count="4" type="cond" truecount="2" falsecount="0"/>
      <line num="8" count="2" type="cond" truecount="2" falsecount="0"/>
      <line num="9" count="1" type="stmt"/>
      <line num="10" count="1" type="stmt"/>
      <line num="12" count="1" type="stmt"/>
      <line num="13" count="1" type="stmt"/>
      <line num="15" count="2" type="stmt"/>
      <line num="16" count="2" type="stmt"/>
      <line num="18" count="1" type="stmt"/>
      <line num="19" count="1" type="stmt"/>
      <line num="22" count="1" type="stmt"/>
    </file>
    <file name="parser.js" path="F:\playground\backend-project-lvl2\src\parser.js">
      <metrics statements="10" coveredstatements="10" conditionals="3" coveredconditionals="2" methods="3" coveredmethods="3"/>
      <line num="4" count="2" type="cond" truecount="0" falsecount="1"/>
      <line num="5" count="4" type="cond" truecount="2" falsecount="0"/>
      <line num="7" count="3" type="stmt"/>
      <line num="10" count="1" type="stmt"/>
      <line num="15" count="2" type="stmt"/>
      <line num="16" count="4" type="stmt"/>
      <line num="20" count="4" type="stmt"/>
      <line num="21" count="4" type="stmt"/>
      <line num="22" count="4" type="stmt"/>
      <line num="23" count="3" type="stmt"/>
    </file>
  </project>
</coverage>
