TN:
SF:src\generateDiff.js
FN:3,(anonymous_0)
FN:5,(anonymous_1)
FNF:2
FNH:2
FNDA:1,(anonymous_0)
FNDA:5,(anonymous_1)
DA:4,1
DA:5,1
DA:6,5
DA:7,4
DA:8,2
DA:9,1
DA:10,1
DA:12,1
DA:13,1
DA:15,2
DA:16,2
DA:18,1
DA:19,1
DA:22,1
LF:14
LH:14
BRDA:6,0,0,4
BRDA:6,0,1,1
BRDA:7,1,0,2
BRDA:7,1,1,2
BRDA:8,2,0,1
BRDA:8,2,1,1
BRF:6
BRH:6
end_of_record
TN:
SF:src\parser.js
FN:4,(anonymous_0)
FN:15,(anonymous_1)
FN:19,(anonymous_2)
FNF:3
FNH:3
FNDA:4,(anonymous_0)
FNDA:4,(anonymous_1)
FNDA:4,(anonymous_2)
DA:4,2
DA:5,4
DA:7,3
DA:10,1
DA:15,2
DA:16,4
DA:20,4
DA:21,4
DA:22,4
DA:23,3
LF:10
LH:10
BRDA:4,0,0,0
BRDA:5,1,0,3
BRDA:5,1,1,1
BRF:3
BRH:2
end_of_record
